#
# There is insufficient memory for the Java Runtime Environment to continue.
# Native memory allocation (malloc) failed to allocate 716177408 bytes for committing reserved memory.
# Possible reasons:
#   The system is out of physical RAM or swap space
#   In 32 bit mode, the process size limit was hit
# Possible solutions:
#   Reduce memory load on the system
#   Increase physical memory or swap space
#   Check if swap backing store is full
#   Use 64 bit Java on a 64 bit OS
#   Decrease Java heap size (-Xmx/-Xms)
#   Decrease number of Java threads
#   Decrease Java thread stack sizes (-Xss)
#   Set larger code cache with -XX:ReservedCodeCacheSize=
# This output file may be truncated or incomplete.
#
#  Out of Memory Error (os_linux.cpp:2809), pid=10286, tid=140661099403008
#
# JRE version:  (7.0_79-b14) (build )
# Java VM: OpenJDK 64-Bit Server VM (24.79-b02 mixed mode linux-amd64 compressed oops)
# Derivative: IcedTea 2.5.5
# Distribution: Ubuntu 14.04 LTS, package 7u79-2.5.5-0ubuntu0.14.04.2
# Failed to write core dump. Core dumps have been disabled. To enable core dumping, try "ulimit -c unlimited" before starting Java again
#

---------------  T H R E A D  ---------------

Current thread (0x00007fee3000a000):  JavaThread "Unknown thread" [_thread_in_vm, id=10287, stack(0x00007fee36cd1000,0x00007fee36dd2000)]

Stack: [0x00007fee36cd1000,0x00007fee36dd2000],  sp=0x00007fee36dd0500,  free space=1021k
Native frames: (J=compiled Java code, j=interpreted, Vv=VM code, C=native code)
V  [libjvm.so+0x94aec5]  VMError::report_and_die()+0x175
V  [libjvm.so+0x48b9c4]  report_vm_out_of_memory(char const*, int, unsigned long, char const*)+0x74
V  [libjvm.so+0x7c806b]  os::pd_commit_memory(char*, unsigned long, unsigned long, bool)+0xeb
V  [libjvm.so+0x7c2b0f]  os::commit_memory(char*, unsigned long, unsigned long, bool)+0x1f
V  [libjvm.so+0x83500b]  PSVirtualSpace::expand_by(unsigned long)+0x5b
V  [libjvm.so+0x82547e]  PSOldGen::initialize(ReservedSpace, unsigned long, char const*, int)+0xce
V  [libjvm.so+0x2a57ff]  AdjoiningGenerations::AdjoiningGenerations(ReservedSpace, unsigned long, unsigned long, unsigned long, unsigned long, unsigned long, unsigned long, unsigned long)+0x3af
V  [libjvm.so+0x7e8560]  ParallelScavengeHeap::initialize()+0x5b0
V  [libjvm.so+0x91b937]  Universe::initialize_heap()+0xc7
V  [libjvm.so+0x91bc67]  universe_init()+0x67
V  [libjvm.so+0x59d2a5]  init_globals()+0x55
V  [libjvm.so+0x8fe64f]  Threads::create_vm(JavaVMInitArgs*, bool*)+0x35f
V  [libjvm.so+0x608624]  JNI_CreateJavaVM+0x54
C  [libjli.so+0x2b48]


---------------  P R O C E S S  ---------------

Java Threads: ( => current thread )

Other Threads:

=>0x00007fee3000a000 (exited) JavaThread "Unknown thread" [_thread_in_vm, id=10287, stack(0x00007fee36cd1000,0x00007fee36dd2000)]

VM state:not at safepoint (not fully initialized)

VM Mutex/Monitor currently owned by a thread: None

GC Heap History (0 events):
No events

Deoptimization events (0 events):
No events

Internal exceptions (0 events):
No events

Events (0 events):
No events


Dynamic libraries:
00400000-00401000 r-xp 00000000 08:07 9965642                            /usr/lib/jvm/java-7-openjdk-amd64/jre/bin/java
00600000-00601000 r--p 00000000 08:07 9965642                            /usr/lib/jvm/java-7-openjdk-amd64/jre/bin/java
00601000-00602000 rw-p 00001000 08:07 9965642                            /usr/lib/jvm/java-7-openjdk-amd64/jre/bin/java
01771000-01792000 rw-p 00000000 00:00 0                                  [heap]
aff80000-bff80000 rw-p 00000000 00:00 0 
eaa80000-100000000 rw-p 00000000 00:00 0 
7fee271e3000-7fee27344000 rw-p 00000000 00:00 0 
7fee27344000-7fee27519000 rw-p 00000000 00:00 0 
7fee27519000-7fee275cf000 rw-p 00000000 00:00 0 
7fee275cf000-7fee277c5000 rw-p 00000000 00:00 0 
7fee277c5000-7fee27a35000 rwxp 00000000 00:00 0 
7fee27a35000-7fee2f7c5000 rw-p 00000000 00:00 0 
7fee2f7c5000-7fee2f7cd000 r-xp 00000000 08:07 9830785                    /usr/lib/jvm/java-7-openjdk-amd64/jre/lib/amd64/libzip.so
7fee2f7cd000-7fee2f9cc000 ---p 00008000 08:07 9830785                    /usr/lib/jvm/java-7-openjdk-amd64/jre/lib/amd64/libzip.so
7fee2f9cc000-7fee2f9cd000 r--p 00007000 08:07 9830785                    /usr/lib/jvm/java-7-openjdk-amd64/jre/lib/amd64/libzip.so
7fee2f9cd000-7fee2f9ce000 rw-p 00008000 08:07 9830785                    /usr/lib/jvm/java-7-openjdk-amd64/jre/lib/amd64/libzip.so
7fee2f9ce000-7fee2f9d9000 r-xp 00000000 08:07 8914130                    /lib/x86_64-linux-gnu/libnss_files-2.19.so
7fee2f9d9000-7fee2fbd8000 ---p 0000b000 08:07 8914130                    /lib/x86_64-linux-gnu/libnss_files-2.19.so
7fee2fbd8000-7fee2fbd9000 r--p 0000a000 08:07 8914130                    /lib/x86_64-linux-gnu/libnss_files-2.19.so
7fee2fbd9000-7fee2fbda000 rw-p 0000b000 08:07 8914130                    /lib/x86_64-linux-gnu/libnss_files-2.19.so
7fee2fbda000-7fee2fbe5000 r-xp 00000000 08:07 8914178                    /lib/x86_64-linux-gnu/libnss_nis-2.19.so
7fee2fbe5000-7fee2fde4000 ---p 0000b000 08:07 8914178                    /lib/x86_64-linux-gnu/libnss_nis-2.19.so
7fee2fde4000-7fee2fde5000 r--p 0000a000 08:07 8914178                    /lib/x86_64-linux-gnu/libnss_nis-2.19.so
7fee2fde5000-7fee2fde6000 rw-p 0000b000 08:07 8914178                    /lib/x86_64-linux-gnu/libnss_nis-2.19.so
7fee2fde6000-7fee2fdfd000 r-xp 00000000 08:07 8914148                    /lib/x86_64-linux-gnu/libnsl-2.19.so
7fee2fdfd000-7fee2fffc000 ---p 00017000 08:07 8914148                    /lib/x86_64-linux-gnu/libnsl-2.19.so
7fee2fffc000-7fee2fffd000 r--p 00016000 08:07 8914148                    /lib/x86_64-linux-gnu/libnsl-2.19.so
7fee2fffd000-7fee2fffe000 rw-p 00017000 08:07 8914148                    /lib/x86_64-linux-gnu/libnsl-2.19.so
7fee2fffe000-7fee30000000 rw-p 00000000 00:00 0 
7fee30000000-7fee30023000 rw-p 00000000 00:00 0 
7fee30023000-7fee34000000 ---p 00000000 00:00 0 
7fee3407b000-7fee34154000 rw-p 00000000 00:00 0 
7fee34154000-7fee3415d000 r-xp 00000000 08:07 8914146                    /lib/x86_64-linux-gnu/libnss_compat-2.19.so
7fee3415d000-7fee3435c000 ---p 00009000 08:07 8914146                    /lib/x86_64-linux-gnu/libnss_compat-2.19.so
7fee3435c000-7fee3435d000 r--p 00008000 08:07 8914146                    /lib/x86_64-linux-gnu/libnss_compat-2.19.so
7fee3435d000-7fee3435e000 rw-p 00009000 08:07 8914146                    /lib/x86_64-linux-gnu/libnss_compat-2.19.so
7fee3435e000-7fee34389000 r-xp 00000000 08:07 9831646                    /usr/lib/jvm/java-7-openjdk-amd64/jre/lib/amd64/libjava.so
7fee34389000-7fee34589000 ---p 0002b000 08:07 9831646                    /usr/lib/jvm/java-7-openjdk-amd64/jre/lib/amd64/libjava.so
7fee34589000-7fee3458a000 r--p 0002b000 08:07 9831646                    /usr/lib/jvm/java-7-openjdk-amd64/jre/lib/amd64/libjava.so
7fee3458a000-7fee3458c000 rw-p 0002c000 08:07 9831646                    /usr/lib/jvm/java-7-openjdk-amd64/jre/lib/amd64/libjava.so
7fee3458c000-7fee3459c000 r-xp 00000000 08:07 9831643                    /usr/lib/jvm/java-7-openjdk-amd64/jre/lib/amd64/libverify.so
7fee3459c000-7fee3479b000 ---p 00010000 08:07 9831643                    /usr/lib/jvm/java-7-openjdk-amd64/jre/lib/amd64/libverify.so
7fee3479b000-7fee3479d000 r--p 0000f000 08:07 9831643                    /usr/lib/jvm/java-7-openjdk-amd64/jre/lib/amd64/libverify.so
7fee3479d000-7fee3479e000 rw-p 00011000 08:07 9831643                    /usr/lib/jvm/java-7-openjdk-amd64/jre/lib/amd64/libverify.so
7fee3479e000-7fee347a5000 r-xp 00000000 08:07 8914173                    /lib/x86_64-linux-gnu/librt-2.19.so
7fee347a5000-7fee349a4000 ---p 00007000 08:07 8914173                    /lib/x86_64-linux-gnu/librt-2.19.so
7fee349a4000-7fee349a5000 r--p 00006000 08:07 8914173                    /lib/x86_64-linux-gnu/librt-2.19.so
7fee349a5000-7fee349a6000 rw-p 00007000 08:07 8914173                    /lib/x86_64-linux-gnu/librt-2.19.so
7fee349a6000-7fee349bc000 r-xp 00000000 08:07 8912925                    /lib/x86_64-linux-gnu/libgcc_s.so.1
7fee349bc000-7fee34bbb000 ---p 00016000 08:07 8912925                    /lib/x86_64-linux-gnu/libgcc_s.so.1
7fee34bbb000-7fee34bbc000 rw-p 00015000 08:07 8912925                    /lib/x86_64-linux-gnu/libgcc_s.so.1
7fee34bbc000-7fee34cc1000 r-xp 00000000 08:07 8914128                    /lib/x86_64-linux-gnu/libm-2.19.so
7fee34cc1000-7fee34ec0000 ---p 00105000 08:07 8914128                    /lib/x86_64-linux-gnu/libm-2.19.so
7fee34ec0000-7fee34ec1000 r--p 00104000 08:07 8914128                    /lib/x86_64-linux-gnu/libm-2.19.so
7fee34ec1000-7fee34ec2000 rw-p 00105000 08:07 8914128                    /lib/x86_64-linux-gnu/libm-2.19.so
7fee34ec2000-7fee34fa8000 r-xp 00000000 08:07 9708016                    /usr/lib/x86_64-linux-gnu/libstdc++.so.6.0.19
7fee34fa8000-7fee351a7000 ---p 000e6000 08:07 9708016                    /usr/lib/x86_64-linux-gnu/libstdc++.so.6.0.19
7fee351a7000-7fee351af000 r--p 000e5000 08:07 9708016                    /usr/lib/x86_64-linux-gnu/libstdc++.so.6.0.19
7fee351af000-7fee351b1000 rw-p 000ed000 08:07 9708016                    /usr/lib/x86_64-linux-gnu/libstdc++.so.6.0.19
7fee351b1000-7fee351c6000 rw-p 00000000 00:00 0 
7fee351c6000-7fee35cde000 r-xp 00000000 08:07 9831651                    /usr/lib/jvm/java-7-openjdk-amd64/jre/lib/amd64/server/libjvm.so
7fee35cde000-7fee35ede000 ---p 00b18000 08:07 9831651                    /usr/lib/jvm/java-7-openjdk-amd64/jre/lib/amd64/server/libjvm.so
7fee35ede000-7fee35f78000 r--p 00b18000 08:07 9831651                    /usr/lib/jvm/java-7-openjdk-amd64/jre/lib/amd64/server/libjvm.so
7fee35f78000-7fee35f9b000 rw-p 00bb2000 08:07 9831651                    /usr/lib/jvm/java-7-openjdk-amd64/jre/lib/amd64/server/libjvm.so
7fee35f9b000-7fee35fc9000 rw-p 00000000 00:00 0 
7fee35fc9000-7fee35fe1000 r-xp 00000000 08:07 8917007                    /lib/x86_64-linux-gnu/libz.so.1.2.8
7fee35fe1000-7fee361e0000 ---p 00018000 08:07 8917007                    /lib/x86_64-linux-gnu/libz.so.1.2.8
7fee361e0000-7fee361e1000 r--p 00017000 08:07 8917007                    /lib/x86_64-linux-gnu/libz.so.1.2.8
7fee361e1000-7fee361e2000 rw-p 00018000 08:07 8917007                    /lib/x86_64-linux-gnu/libz.so.1.2.8
7fee361e2000-7fee361fb000 r-xp 00000000 08:07 8914166                    /lib/x86_64-linux-gnu/libpthread-2.19.so
7fee361fb000-7fee363fa000 ---p 00019000 08:07 8914166                    /lib/x86_64-linux-gnu/libpthread-2.19.so
7fee363fa000-7fee363fb000 r--p 00018000 08:07 8914166                    /lib/x86_64-linux-gnu/libpthread-2.19.so
7fee363fb000-7fee363fc000 rw-p 00019000 08:07 8914166                    /lib/x86_64-linux-gnu/libpthread-2.19.so
7fee363fc000-7fee36400000 rw-p 00000000 00:00 0 
7fee36400000-7fee36403000 r-xp 00000000 08:07 8914136                    /lib/x86_64-linux-gnu/libdl-2.19.so
7fee36403000-7fee36602000 ---p 00003000 08:07 8914136                    /lib/x86_64-linux-gnu/libdl-2.19.so
7fee36602000-7fee36603000 r--p 00002000 08:07 8914136                    /lib/x86_64-linux-gnu/libdl-2.19.so
7fee36603000-7fee36604000 rw-p 00003000 08:07 8914136                    /lib/x86_64-linux-gnu/libdl-2.19.so
7fee36604000-7fee367bf000 r-xp 00000000 08:07 8914158                    /lib/x86_64-linux-gnu/libc-2.19.so
7fee367bf000-7fee369be000 ---p 001bb000 08:07 8914158                    /lib/x86_64-linux-gnu/libc-2.19.so
7fee369be000-7fee369c2000 r--p 001ba000 08:07 8914158                    /lib/x86_64-linux-gnu/libc-2.19.so
7fee369c2000-7fee369c4000 rw-p 001be000 08:07 8914158                    /lib/x86_64-linux-gnu/libc-2.19.so
7fee369c4000-7fee369c9000 rw-p 00000000 00:00 0 
7fee369c9000-7fee369d6000 r-xp 00000000 08:07 9830777                    /usr/lib/jvm/java-7-openjdk-amd64/jre/lib/amd64/jli/libjli.so
7fee369d6000-7fee36bd5000 ---p 0000d000 08:07 9830777                    /usr/lib/jvm/java-7-openjdk-amd64/jre/lib/amd64/jli/libjli.so
7fee36bd5000-7fee36bd6000 r--p 0000c000 08:07 9830777                    /usr/lib/jvm/java-7-openjdk-amd64/jre/lib/amd64/jli/libjli.so
7fee36bd6000-7fee36bd7000 rw-p 0000d000 08:07 9830777                    /usr/lib/jvm/java-7-openjdk-amd64/jre/lib/amd64/jli/libjli.so
7fee36bd7000-7fee36bfa000 r-xp 00000000 08:07 8914152                    /lib/x86_64-linux-gnu/ld-2.19.so
7fee36cd1000-7fee36cd4000 ---p 00000000 00:00 0 
7fee36cd4000-7fee36dd7000 rw-p 00000000 00:00 0                          [stack:10287]
7fee36deb000-7fee36ded000 rw-p 00000000 00:00 0 
7fee36ded000-7fee36df5000 rw-s 00000000 08:07 18239927                   /tmp/hsperfdata_bel/10286
7fee36df5000-7fee36df6000 rw-p 00000000 00:00 0 
7fee36df6000-7fee36df7000 r--p 00000000 00:00 0 
7fee36df7000-7fee36df9000 rw-p 00000000 00:00 0 
7fee36df9000-7fee36dfa000 r--p 00022000 08:07 8914152                    /lib/x86_64-linux-gnu/ld-2.19.so
7fee36dfa000-7fee36dfb000 rw-p 00023000 08:07 8914152                    /lib/x86_64-linux-gnu/ld-2.19.so
7fee36dfb000-7fee36dfc000 rw-p 00000000 00:00 0 
7fff1a658000-7fff1a67a000 rw-p 00000000 00:00 0                          [stack]
7fff1a7f3000-7fff1a7f5000 r-xp 00000000 00:00 0                          [vdso]
ffffffffff600000-ffffffffff601000 r-xp 00000000 00:00 0                  [vsyscall]

VM Arguments:
jvm_args: -Xms1024m -Xmx1024m -XX:ReservedCodeCacheSize=128m -XX:MaxPermSize=256m 
java_command: /usr/share/sbt-launcher-packaging/bin/sbt-launch.jar run-main core.CrawlerApp http://www.terra.com.br/ 0
Launcher Type: SUN_STANDARD

Environment Variables:
JAVA_HOME=/usr/lib/jvm/java-7-openjdk-amd64
PATH=/home/bel/.virtualenvs/caronte/bin:/home/bel/sbt/bin:/home/bel/bin:/usr/local/sbin:/usr/local/bin:/usr/sbin:/usr/bin:/sbin:/bin:/usr/games:/usr/local/games:/home/bel/.rvm/bin:/home/bel/.rvm/bin
SHELL=/bin/bash
DISPLAY=:0

Signal Handlers:
SIGSEGV: [libjvm.so+0x94b9a0], sa_mask[0]=0x7ffbfeff, sa_flags=0x10000004
SIGBUS: [libjvm.so+0x94b9a0], sa_mask[0]=0x7ffbfeff, sa_flags=0x10000004
SIGFPE: [libjvm.so+0x7c3880], sa_mask[0]=0x7ffbfeff, sa_flags=0x10000004
SIGPIPE: [libjvm.so+0x7c3880], sa_mask[0]=0x7ffbfeff, sa_flags=0x10000004
SIGXFSZ: [libjvm.so+0x7c3880], sa_mask[0]=0x7ffbfeff, sa_flags=0x10000004
SIGILL: [libjvm.so+0x7c3880], sa_mask[0]=0x7ffbfeff, sa_flags=0x10000004
SIGUSR1: SIG_DFL, sa_mask[0]=0x00000000, sa_flags=0x00000000
SIGUSR2: [libjvm.so+0x7c3720], sa_mask[0]=0x00000000, sa_flags=0x10000004
SIGHUP: SIG_DFL, sa_mask[0]=0x00000000, sa_flags=0x00000000
SIGINT: SIG_DFL, sa_mask[0]=0x00000000, sa_flags=0x00000000
SIGTERM: SIG_DFL, sa_mask[0]=0x00000000, sa_flags=0x00000000
SIGQUIT: SIG_DFL, sa_mask[0]=0x00000000, sa_flags=0x00000000
SIGTRAP: SIG_DFL, sa_mask[0]=0x00000000, sa_flags=0x00000000


---------------  S Y S T E M  ---------------

OS:Ubuntu 14.04 (trusty)
uname:Linux 3.13.0-55-generic #94-Ubuntu SMP Thu Jun 18 00:27:10 UTC 2015 x86_64
libc:glibc 2.19 NPTL 2.19 
rlimit: STACK 8192k, CORE 0k, NPROC 62845, NOFILE 4096, AS infinity
load average:2.84 1.70 1.17

/proc/meminfo:
MemTotal:        8065852 kB
MemFree:          252052 kB
Buffers:           10240 kB
Cached:           654316 kB
SwapCached:        45444 kB
Active:          5935968 kB
Inactive:        1312228 kB
Active(anon):    5873268 kB
Inactive(anon):  1220664 kB
Active(file):      62700 kB
Inactive(file):    91564 kB
Unevictable:        1664 kB
Mlocked:            1664 kB
SwapTotal:       1951740 kB
SwapFree:           1164 kB
Dirty:                76 kB
Writeback:             0 kB
AnonPages:       6541216 kB
Mapped:           244848 kB
Shmem:            510168 kB
Slab:             354264 kB
SReclaimable:     286476 kB
SUnreclaim:        67788 kB
KernelStack:        8424 kB
PageTables:        93788 kB
NFS_Unstable:          0 kB
Bounce:                0 kB
WritebackTmp:          0 kB
CommitLimit:     5984664 kB
Committed_AS:   20347308 kB
VmallocTotal:   34359738367 kB
VmallocUsed:      412448 kB
VmallocChunk:   34359204140 kB
HardwareCorrupted:     0 kB
AnonHugePages:   1945600 kB
HugePages_Total:       0
HugePages_Free:        0
HugePages_Rsvd:        0
HugePages_Surp:        0
Hugepagesize:       2048 kB
DirectMap4k:       96320 kB
DirectMap2M:     8181760 kB


CPU:total 8 (4 cores per cpu, 2 threads per core) family 6 model 58 stepping 9, cmov, cx8, fxsr, mmx, sse, sse2, sse3, ssse3, sse4.1, sse4.2, popcnt, avx, aes, erms, ht, tsc, tscinvbit, tscinv

/proc/cpuinfo:
processor	: 0
vendor_id	: GenuineIntel
cpu family	: 6
model		: 58
model name	: Intel(R) Core(TM) i7-3610QM CPU @ 2.30GHz
stepping	: 9
microcode	: 0x12
cpu MHz		: 1200.000
cache size	: 6144 KB
physical id	: 0
siblings	: 8
core id		: 0
cpu cores	: 4
apicid		: 0
initial apicid	: 0
fpu		: yes
fpu_exception	: yes
cpuid level	: 13
wp		: yes
flags		: fpu vme de pse tsc msr pae mce cx8 apic sep mtrr pge mca cmov pat pse36 clflush dts acpi mmx fxsr sse sse2 ss ht tm pbe syscall nx rdtscp lm constant_tsc arch_perfmon pebs bts rep_good nopl xtopology nonstop_tsc aperfmperf eagerfpu pni pclmulqdq dtes64 monitor ds_cpl vmx est tm2 ssse3 cx16 xtpr pdcm pcid sse4_1 sse4_2 x2apic popcnt tsc_deadline_timer aes xsave avx f16c rdrand lahf_lm ida arat epb xsaveopt pln pts dtherm tpr_shadow vnmi flexpriority ept vpid fsgsbase smep erms
bogomips	: 4589.96
clflush size	: 64
cache_alignment	: 64
address sizes	: 36 bits physical, 48 bits virtual
power management:

processor	: 1
vendor_id	: GenuineIntel
cpu family	: 6
model		: 58
model name	: Intel(R) Core(TM) i7-3610QM CPU @ 2.30GHz
stepping	: 9
microcode	: 0x12
cpu MHz		: 1200.000
cache size	: 6144 KB
physical id	: 0
siblings	: 8
core id		: 1
cpu cores	: 4
apicid		: 2
initial apicid	: 2
fpu		: yes
fpu_exception	: yes
cpuid level	: 13
wp		: yes
flags		: fpu vme de pse tsc msr pae mce cx8 apic sep mtrr pge mca cmov pat pse36 clflush dts acpi mmx fxsr sse sse2 ss ht tm pbe syscall nx rdtscp lm constant_tsc arch_perfmon pebs bts rep_good nopl xtopology nonstop_tsc aperfmperf eagerfpu pni pclmulqdq dtes64 monitor ds_cpl vmx est tm2 ssse3 cx16 xtpr pdcm pcid sse4_1 sse4_2 x2apic popcnt tsc_deadline_timer aes xsave avx f16c rdrand lahf_lm ida arat epb xsaveopt pln pts dtherm tpr_shadow vnmi flexpriority ept vpid fsgsbase smep erms
bogomips	: 4589.96
clflush size	: 64
cache_alignment	: 64
address sizes	: 36 bits physical, 48 bits virtual
power management:

processor	: 2
vendor_id	: GenuineIntel
cpu family	: 6
model		: 58
model name	: Intel(R) Core(TM) i7-3610QM CPU @ 2.30GHz
stepping	: 9
microcode	: 0x12
cpu MHz		: 2301.000
cache size	: 6144 KB
physical id	: 0
siblings	: 8
core id		: 2
cpu cores	: 4
apicid		: 4
initial apicid	: 4
fpu		: yes
fpu_exception	: yes
cpuid level	: 13
wp		: yes
flags		: fpu vme de pse tsc msr pae mce cx8 apic sep mtrr pge mca cmov pat pse36 clflush dts acpi mmx fxsr sse sse2 ss ht tm pbe syscall nx rdtscp lm constant_tsc arch_perfmon pebs bts rep_good nopl xtopology nonstop_tsc aperfmperf eagerfpu pni pclmulqdq dtes64 monitor ds_cpl vmx est tm2 ssse3 cx16 xtpr pdcm pcid sse4_1 sse4_2 x2apic popcnt tsc_deadline_timer aes xsave avx f16c rdrand lahf_lm ida arat epb xsaveopt pln pts dtherm tpr_shadow vnmi flexpriority ept vpid fsgsbase smep erms
bogomips	: 4589.96
clflush size	: 64
cache_alignment	: 64
address sizes	: 36 bits physical, 48 bits virtual
power management:

processor	: 3
vendor_id	: GenuineIntel
cpu family	: 6
model		: 58
model name	: Intel(R) Core(TM) i7-3610QM CPU @ 2.30GHz
stepping	: 9
microcode	: 0x12
cpu MHz		: 1200.000
cache size	: 6144 KB
physical id	: 0
siblings	: 8
core id		: 3
cpu cores	: 4
apicid		: 6
initial apicid	: 6
fpu		: yes
fpu_exception	: yes
cpuid level	: 13
wp		: yes
flags		: fpu vme de pse tsc msr pae mce cx8 apic sep mtrr pge mca cmov pat pse36 clflush dts acpi mmx fxsr sse sse2 ss ht tm pbe syscall nx rdtscp lm constant_tsc arch_perfmon pebs bts rep_good nopl xtopology nonstop_tsc aperfmperf eagerfpu pni pclmulqdq dtes64 monitor ds_cpl vmx est tm2 ssse3 cx16 xtpr pdcm pcid sse4_1 sse4_2 x2apic popcnt tsc_deadline_timer aes xsave avx f16c rdrand lahf_lm ida arat epb xsaveopt pln pts dtherm tpr_shadow vnmi flexpriority ept vpid fsgsbase smep erms
bogomips	: 4589.96
clflush size	: 64
cache_alignment	: 64
address sizes	: 36 bits physical, 48 bits virtual
power management:

processor	: 4
vendor_id	: GenuineIntel
cpu family	: 6
model		: 58
model name	: Intel(R) Core(TM) i7-3610QM CPU @ 2.30GHz
stepping	: 9
microcode	: 0x12
cpu MHz		: 1200.000
cache size	: 6144 KB
physical id	: 0
siblings	: 8
core id		: 0
cpu cores	: 4
apicid		: 1
initial apicid	: 1
fpu		: yes
fpu_exception	: yes
cpuid level	: 13
wp		: yes
flags		: fpu vme de pse tsc msr pae mce cx8 apic sep mtrr pge mca cmov pat pse36 clflush dts acpi mmx fxsr sse sse2 ss ht tm pbe syscall nx rdtscp lm constant_tsc arch_perfmon pebs bts rep_good nopl xtopology nonstop_tsc aperfmperf eagerfpu pni pclmulqdq dtes64 monitor ds_cpl vmx est tm2 ssse3 cx16 xtpr pdcm pcid sse4_1 sse4_2 x2apic popcnt tsc_deadline_timer aes xsave avx f16c rdrand lahf_lm ida arat epb xsaveopt pln pts dtherm tpr_shadow vnmi flexpriority ept vpid fsgsbase smep erms
bogomips	: 4589.96
clflush size	: 64
cache_alignment	: 64
address sizes	: 36 bits physical, 48 bits virtual
power management:

processor	: 5
vendor_id	: GenuineIntel
cpu family	: 6
model		: 58
model name	: Intel(R) Core(TM) i7-3610QM CPU @ 2.30GHz
stepping	: 9
microcode	: 0x12
cpu MHz		: 1200.000
cache size	: 6144 KB
physical id	: 0
siblings	: 8
core id		: 1
cpu cores	: 4
apicid		: 3
initial apicid	: 3
fpu		: yes
fpu_exception	: yes
cpuid level	: 13
wp		: yes
flags		: fpu vme de pse tsc msr pae mce cx8 apic sep mtrr pge mca cmov pat pse36 clflush dts acpi mmx fxsr sse sse2 ss ht tm pbe syscall nx rdtscp lm constant_tsc arch_perfmon pebs bts rep_good nopl xtopology nonstop_tsc aperfmperf eagerfpu pni pclmulqdq dtes64 monitor ds_cpl vmx est tm2 ssse3 cx16 xtpr pdcm pcid sse4_1 sse4_2 x2apic popcnt tsc_deadline_timer aes xsave avx f16c rdrand lahf_lm ida arat epb xsaveopt pln pts dtherm tpr_shadow vnmi flexpriority ept vpid fsgsbase smep erms
bogomips	: 4589.96
clflush size	: 64
cache_alignment	: 64
address sizes	: 36 bits physical, 48 bits virtual
power management:

processor	: 6
vendor_id	: GenuineIntel
cpu family	: 6
model		: 58
model name	: Intel(R) Core(TM) i7-3610QM CPU @ 2.30GHz
stepping	: 9
microcode	: 0x12
cpu MHz		: 1200.000
cache size	: 6144 KB
physical id	: 0
siblings	: 8
core id		: 2
cpu cores	: 4
apicid		: 5
initial apicid	: 5
fpu		: yes
fpu_exception	: yes
cpuid level	: 13
wp		: yes
flags		: fpu vme de pse tsc msr pae mce cx8 apic sep mtrr pge mca cmov pat pse36 clflush dts acpi mmx fxsr sse sse2 ss ht tm pbe syscall nx rdtscp lm constant_tsc arch_perfmon pebs bts rep_good nopl xtopology nonstop_tsc aperfmperf eagerfpu pni pclmulqdq dtes64 monitor ds_cpl vmx est tm2 ssse3 cx16 xtpr pdcm pcid sse4_1 sse4_2 x2apic popcnt tsc_deadline_timer aes xsave avx f16c rdrand lahf_lm ida arat epb xsaveopt pln pts dtherm tpr_shadow vnmi flexpriority ept vpid fsgsbase smep erms
bogomips	: 4589.96
clflush size	: 64
cache_alignment	: 64
address sizes	: 36 bits physical, 48 bits virtual
power management:

processor	: 7
vendor_id	: GenuineIntel
cpu family	: 6
model		: 58
model name	: Intel(R) Core(TM) i7-3610QM CPU @ 2.30GHz
stepping	: 9
microcode	: 0x12
cpu MHz		: 2301.000
cache size	: 6144 KB
physical id	: 0
siblings	: 8
core id		: 3
cpu cores	: 4
apicid		: 7
initial apicid	: 7
fpu		: yes
fpu_exception	: yes
cpuid level	: 13
wp		: yes
flags		: fpu vme de pse tsc msr pae mce cx8 apic sep mtrr pge mca cmov pat pse36 clflush dts acpi mmx fxsr sse sse2 ss ht tm pbe syscall nx rdtscp lm constant_tsc arch_perfmon pebs bts rep_good nopl xtopology nonstop_tsc aperfmperf eagerfpu pni pclmulqdq dtes64 monitor ds_cpl vmx est tm2 ssse3 cx16 xtpr pdcm pcid sse4_1 sse4_2 x2apic popcnt tsc_deadline_timer aes xsave avx f16c rdrand lahf_lm ida arat epb xsaveopt pln pts dtherm tpr_shadow vnmi flexpriority ept vpid fsgsbase smep erms
bogomips	: 4589.96
clflush size	: 64
cache_alignment	: 64
address sizes	: 36 bits physical, 48 bits virtual
power management:



Memory: 4k page, physical 8065852k(252052k free), swap 1951740k(1164k free)

vm_info: OpenJDK 64-Bit Server VM (24.79-b02) for linux-amd64 JRE (1.7.0_79-b14), built on Apr 16 2015 08:21:58 by "buildd" with gcc 4.8.2

time: Wed Dec 16 23:10:39 2015
elapsed time: 0 seconds

