#
# There is insufficient memory for the Java Runtime Environment to continue.
# Native memory allocation (malloc) failed to allocate 716177408 bytes for committing reserved memory.
# Possible reasons:
#   The system is out of physical RAM or swap space
#   In 32 bit mode, the process size limit was hit
# Possible solutions:
#   Reduce memory load on the system
#   Increase physical memory or swap space
#   Check if swap backing store is full
#   Use 64 bit Java on a 64 bit OS
#   Decrease Java heap size (-Xmx/-Xms)
#   Decrease number of Java threads
#   Decrease Java thread stack sizes (-Xss)
#   Set larger code cache with -XX:ReservedCodeCacheSize=
# This output file may be truncated or incomplete.
#
#  Out of Memory Error (os_linux.cpp:2809), pid=10569, tid=140084134340352
#
# JRE version:  (7.0_79-b14) (build )
# Java VM: OpenJDK 64-Bit Server VM (24.79-b02 mixed mode linux-amd64 compressed oops)
# Derivative: IcedTea 2.5.5
# Distribution: Ubuntu 14.04 LTS, package 7u79-2.5.5-0ubuntu0.14.04.2
# Failed to write core dump. Core dumps have been disabled. To enable core dumping, try "ulimit -c unlimited" before starting Java again
#

---------------  T H R E A D  ---------------

Current thread (0x00007f67d800a000):  JavaThread "Unknown thread" [_thread_in_vm, id=10570, stack(0x00007f67e100e000,0x00007f67e110f000)]

Stack: [0x00007f67e100e000,0x00007f67e110f000],  sp=0x00007f67e110d500,  free space=1021k
Native frames: (J=compiled Java code, j=interpreted, Vv=VM code, C=native code)
V  [libjvm.so+0x94aec5]  VMError::report_and_die()+0x175
V  [libjvm.so+0x48b9c4]  report_vm_out_of_memory(char const*, int, unsigned long, char const*)+0x74
V  [libjvm.so+0x7c806b]  os::pd_commit_memory(char*, unsigned long, unsigned long, bool)+0xeb
V  [libjvm.so+0x7c2b0f]  os::commit_memory(char*, unsigned long, unsigned long, bool)+0x1f
V  [libjvm.so+0x83500b]  PSVirtualSpace::expand_by(unsigned long)+0x5b
V  [libjvm.so+0x82547e]  PSOldGen::initialize(ReservedSpace, unsigned long, char const*, int)+0xce
V  [libjvm.so+0x2a57ff]  AdjoiningGenerations::AdjoiningGenerations(ReservedSpace, unsigned long, unsigned long, unsigned long, unsigned long, unsigned long, unsigned long, unsigned long)+0x3af
V  [libjvm.so+0x7e8560]  ParallelScavengeHeap::initialize()+0x5b0
V  [libjvm.so+0x91b937]  Universe::initialize_heap()+0xc7
V  [libjvm.so+0x91bc67]  universe_init()+0x67
V  [libjvm.so+0x59d2a5]  init_globals()+0x55
V  [libjvm.so+0x8fe64f]  Threads::create_vm(JavaVMInitArgs*, bool*)+0x35f
V  [libjvm.so+0x608624]  JNI_CreateJavaVM+0x54
C  [libjli.so+0x2b48]


---------------  P R O C E S S  ---------------

Java Threads: ( => current thread )

Other Threads:

=>0x00007f67d800a000 (exited) JavaThread "Unknown thread" [_thread_in_vm, id=10570, stack(0x00007f67e100e000,0x00007f67e110f000)]

VM state:not at safepoint (not fully initialized)

VM Mutex/Monitor currently owned by a thread: None

GC Heap History (0 events):
No events

Deoptimization events (0 events):
No events

Internal exceptions (0 events):
No events

Events (0 events):
No events


Dynamic libraries:
00400000-00401000 r-xp 00000000 08:07 9965642                            /usr/lib/jvm/java-7-openjdk-amd64/jre/bin/java
00600000-00601000 r--p 00000000 08:07 9965642                            /usr/lib/jvm/java-7-openjdk-amd64/jre/bin/java
00601000-00602000 rw-p 00001000 08:07 9965642                            /usr/lib/jvm/java-7-openjdk-amd64/jre/bin/java
00956000-00977000 rw-p 00000000 00:00 0                                  [heap]
aff80000-bff80000 rw-p 00000000 00:00 0 
eaa80000-100000000 rw-p 00000000 00:00 0 
7f67d0000000-7f67d0270000 rwxp 00000000 00:00 0 
7f67d0270000-7f67d8023000 rw-p 00000000 00:00 0 
7f67d8023000-7f67dc000000 ---p 00000000 00:00 0 
7f67dd59b000-7f67dd7d5000 rw-p 00000000 00:00 0 
7f67dd7d5000-7f67dd9aa000 rw-p 00000000 00:00 0 
7f67dd9aa000-7f67dda60000 rw-p 00000000 00:00 0 
7f67dda60000-7f67ddc56000 rw-p 00000000 00:00 0 
7f67ddc56000-7f67ddc5e000 r-xp 00000000 08:07 9830785                    /usr/lib/jvm/java-7-openjdk-amd64/jre/lib/amd64/libzip.so
7f67ddc5e000-7f67dde5d000 ---p 00008000 08:07 9830785                    /usr/lib/jvm/java-7-openjdk-amd64/jre/lib/amd64/libzip.so
7f67dde5d000-7f67dde5e000 r--p 00007000 08:07 9830785                    /usr/lib/jvm/java-7-openjdk-amd64/jre/lib/amd64/libzip.so
7f67dde5e000-7f67dde5f000 rw-p 00008000 08:07 9830785                    /usr/lib/jvm/java-7-openjdk-amd64/jre/lib/amd64/libzip.so
7f67dde5f000-7f67dde6a000 r-xp 00000000 08:07 8914130                    /lib/x86_64-linux-gnu/libnss_files-2.19.so
7f67dde6a000-7f67de069000 ---p 0000b000 08:07 8914130                    /lib/x86_64-linux-gnu/libnss_files-2.19.so
7f67de069000-7f67de06a000 r--p 0000a000 08:07 8914130                    /lib/x86_64-linux-gnu/libnss_files-2.19.so
7f67de06a000-7f67de06b000 rw-p 0000b000 08:07 8914130                    /lib/x86_64-linux-gnu/libnss_files-2.19.so
7f67de06b000-7f67de076000 r-xp 00000000 08:07 8914178                    /lib/x86_64-linux-gnu/libnss_nis-2.19.so
7f67de076000-7f67de275000 ---p 0000b000 08:07 8914178                    /lib/x86_64-linux-gnu/libnss_nis-2.19.so
7f67de275000-7f67de276000 r--p 0000a000 08:07 8914178                    /lib/x86_64-linux-gnu/libnss_nis-2.19.so
7f67de276000-7f67de277000 rw-p 0000b000 08:07 8914178                    /lib/x86_64-linux-gnu/libnss_nis-2.19.so
7f67de277000-7f67de28e000 r-xp 00000000 08:07 8914148                    /lib/x86_64-linux-gnu/libnsl-2.19.so
7f67de28e000-7f67de48d000 ---p 00017000 08:07 8914148                    /lib/x86_64-linux-gnu/libnsl-2.19.so
7f67de48d000-7f67de48e000 r--p 00016000 08:07 8914148                    /lib/x86_64-linux-gnu/libnsl-2.19.so
7f67de48e000-7f67de48f000 rw-p 00017000 08:07 8914148                    /lib/x86_64-linux-gnu/libnsl-2.19.so
7f67de48f000-7f67de491000 rw-p 00000000 00:00 0 
7f67de491000-7f67de49a000 r-xp 00000000 08:07 8914146                    /lib/x86_64-linux-gnu/libnss_compat-2.19.so
7f67de49a000-7f67de699000 ---p 00009000 08:07 8914146                    /lib/x86_64-linux-gnu/libnss_compat-2.19.so
7f67de699000-7f67de69a000 r--p 00008000 08:07 8914146                    /lib/x86_64-linux-gnu/libnss_compat-2.19.so
7f67de69a000-7f67de69b000 rw-p 00009000 08:07 8914146                    /lib/x86_64-linux-gnu/libnss_compat-2.19.so
7f67de69b000-7f67de6c6000 r-xp 00000000 08:07 9831646                    /usr/lib/jvm/java-7-openjdk-amd64/jre/lib/amd64/libjava.so
7f67de6c6000-7f67de8c6000 ---p 0002b000 08:07 9831646                    /usr/lib/jvm/java-7-openjdk-amd64/jre/lib/amd64/libjava.so
7f67de8c6000-7f67de8c7000 r--p 0002b000 08:07 9831646                    /usr/lib/jvm/java-7-openjdk-amd64/jre/lib/amd64/libjava.so
7f67de8c7000-7f67de8c9000 rw-p 0002c000 08:07 9831646                    /usr/lib/jvm/java-7-openjdk-amd64/jre/lib/amd64/libjava.so
7f67de8c9000-7f67de8d9000 r-xp 00000000 08:07 9831643                    /usr/lib/jvm/java-7-openjdk-amd64/jre/lib/amd64/libverify.so
7f67de8d9000-7f67dead8000 ---p 00010000 08:07 9831643                    /usr/lib/jvm/java-7-openjdk-amd64/jre/lib/amd64/libverify.so
7f67dead8000-7f67deada000 r--p 0000f000 08:07 9831643                    /usr/lib/jvm/java-7-openjdk-amd64/jre/lib/amd64/libverify.so
7f67deada000-7f67deadb000 rw-p 00011000 08:07 9831643                    /usr/lib/jvm/java-7-openjdk-amd64/jre/lib/amd64/libverify.so
7f67deadb000-7f67deae2000 r-xp 00000000 08:07 8914173                    /lib/x86_64-linux-gnu/librt-2.19.so
7f67deae2000-7f67dece1000 ---p 00007000 08:07 8914173                    /lib/x86_64-linux-gnu/librt-2.19.so
7f67dece1000-7f67dece2000 r--p 00006000 08:07 8914173                    /lib/x86_64-linux-gnu/librt-2.19.so
7f67dece2000-7f67dece3000 rw-p 00007000 08:07 8914173                    /lib/x86_64-linux-gnu/librt-2.19.so
7f67dece3000-7f67decf9000 r-xp 00000000 08:07 8912925                    /lib/x86_64-linux-gnu/libgcc_s.so.1
7f67decf9000-7f67deef8000 ---p 00016000 08:07 8912925                    /lib/x86_64-linux-gnu/libgcc_s.so.1
7f67deef8000-7f67deef9000 rw-p 00015000 08:07 8912925                    /lib/x86_64-linux-gnu/libgcc_s.so.1
7f67deef9000-7f67deffe000 r-xp 00000000 08:07 8914128                    /lib/x86_64-linux-gnu/libm-2.19.so
7f67deffe000-7f67df1fd000 ---p 00105000 08:07 8914128                    /lib/x86_64-linux-gnu/libm-2.19.so
7f67df1fd000-7f67df1fe000 r--p 00104000 08:07 8914128                    /lib/x86_64-linux-gnu/libm-2.19.so
7f67df1fe000-7f67df1ff000 rw-p 00105000 08:07 8914128                    /lib/x86_64-linux-gnu/libm-2.19.so
7f67df1ff000-7f67df2e5000 r-xp 00000000 08:07 9708016                    /usr/lib/x86_64-linux-gnu/libstdc++.so.6.0.19
7f67df2e5000-7f67df4e4000 ---p 000e6000 08:07 9708016                    /usr/lib/x86_64-linux-gnu/libstdc++.so.6.0.19
7f67df4e4000-7f67df4ec000 r--p 000e5000 08:07 9708016                    /usr/lib/x86_64-linux-gnu/libstdc++.so.6.0.19
7f67df4ec000-7f67df4ee000 rw-p 000ed000 08:07 9708016                    /usr/lib/x86_64-linux-gnu/libstdc++.so.6.0.19
7f67df4ee000-7f67df503000 rw-p 00000000 00:00 0 
7f67df503000-7f67e001b000 r-xp 00000000 08:07 9831651                    /usr/lib/jvm/java-7-openjdk-amd64/jre/lib/amd64/server/libjvm.so
7f67e001b000-7f67e021b000 ---p 00b18000 08:07 9831651                    /usr/lib/jvm/java-7-openjdk-amd64/jre/lib/amd64/server/libjvm.so
7f67e021b000-7f67e02b5000 r--p 00b18000 08:07 9831651                    /usr/lib/jvm/java-7-openjdk-amd64/jre/lib/amd64/server/libjvm.so
7f67e02b5000-7f67e02d8000 rw-p 00bb2000 08:07 9831651                    /usr/lib/jvm/java-7-openjdk-amd64/jre/lib/amd64/server/libjvm.so
7f67e02d8000-7f67e0306000 rw-p 00000000 00:00 0 
7f67e0306000-7f67e031e000 r-xp 00000000 08:07 8917007                    /lib/x86_64-linux-gnu/libz.so.1.2.8
7f67e031e000-7f67e051d000 ---p 00018000 08:07 8917007                    /lib/x86_64-linux-gnu/libz.so.1.2.8
7f67e051d000-7f67e051e000 r--p 00017000 08:07 8917007                    /lib/x86_64-linux-gnu/libz.so.1.2.8
7f67e051e000-7f67e051f000 rw-p 00018000 08:07 8917007                    /lib/x86_64-linux-gnu/libz.so.1.2.8
7f67e051f000-7f67e0538000 r-xp 00000000 08:07 8914166                    /lib/x86_64-linux-gnu/libpthread-2.19.so
7f67e0538000-7f67e0737000 ---p 00019000 08:07 8914166                    /lib/x86_64-linux-gnu/libpthread-2.19.so
7f67e0737000-7f67e0738000 r--p 00018000 08:07 8914166                    /lib/x86_64-linux-gnu/libpthread-2.19.so
7f67e0738000-7f67e0739000 rw-p 00019000 08:07 8914166                    /lib/x86_64-linux-gnu/libpthread-2.19.so
7f67e0739000-7f67e073d000 rw-p 00000000 00:00 0 
7f67e073d000-7f67e0740000 r-xp 00000000 08:07 8914136                    /lib/x86_64-linux-gnu/libdl-2.19.so
7f67e0740000-7f67e093f000 ---p 00003000 08:07 8914136                    /lib/x86_64-linux-gnu/libdl-2.19.so
7f67e093f000-7f67e0940000 r--p 00002000 08:07 8914136                    /lib/x86_64-linux-gnu/libdl-2.19.so
7f67e0940000-7f67e0941000 rw-p 00003000 08:07 8914136                    /lib/x86_64-linux-gnu/libdl-2.19.so
7f67e0941000-7f67e0afc000 r-xp 00000000 08:07 8914158                    /lib/x86_64-linux-gnu/libc-2.19.so
7f67e0afc000-7f67e0cfb000 ---p 001bb000 08:07 8914158                    /lib/x86_64-linux-gnu/libc-2.19.so
7f67e0cfb000-7f67e0cff000 r--p 001ba000 08:07 8914158                    /lib/x86_64-linux-gnu/libc-2.19.so
7f67e0cff000-7f67e0d01000 rw-p 001be000 08:07 8914158                    /lib/x86_64-linux-gnu/libc-2.19.so
7f67e0d01000-7f67e0d06000 rw-p 00000000 00:00 0 
7f67e0d06000-7f67e0d13000 r-xp 00000000 08:07 9830777                    /usr/lib/jvm/java-7-openjdk-amd64/jre/lib/amd64/jli/libjli.so
7f67e0d13000-7f67e0f12000 ---p 0000d000 08:07 9830777                    /usr/lib/jvm/java-7-openjdk-amd64/jre/lib/amd64/jli/libjli.so
7f67e0f12000-7f67e0f13000 r--p 0000c000 08:07 9830777                    /usr/lib/jvm/java-7-openjdk-amd64/jre/lib/amd64/jli/libjli.so
7f67e0f13000-7f67e0f14000 rw-p 0000d000 08:07 9830777                    /usr/lib/jvm/java-7-openjdk-amd64/jre/lib/amd64/jli/libjli.so
7f67e0f14000-7f67e0f37000 r-xp 00000000 08:07 8914152                    /lib/x86_64-linux-gnu/ld-2.19.so
7f67e100e000-7f67e1011000 ---p 00000000 00:00 0 
7f67e1011000-7f67e1114000 rw-p 00000000 00:00 0                          [stack:10570]
7f67e1128000-7f67e112a000 rw-p 00000000 00:00 0 
7f67e112a000-7f67e1132000 rw-s 00000000 08:07 18239927                   /tmp/hsperfdata_bel/10569
7f67e1132000-7f67e1133000 rw-p 00000000 00:00 0 
7f67e1133000-7f67e1134000 r--p 00000000 00:00 0 
7f67e1134000-7f67e1136000 rw-p 00000000 00:00 0 
7f67e1136000-7f67e1137000 r--p 00022000 08:07 8914152                    /lib/x86_64-linux-gnu/ld-2.19.so
7f67e1137000-7f67e1138000 rw-p 00023000 08:07 8914152                    /lib/x86_64-linux-gnu/ld-2.19.so
7f67e1138000-7f67e1139000 rw-p 00000000 00:00 0 
7ffcb15a8000-7ffcb15ca000 rw-p 00000000 00:00 0                          [stack]
7ffcb15e4000-7ffcb15e6000 r-xp 00000000 00:00 0                          [vdso]
ffffffffff600000-ffffffffff601000 r-xp 00000000 00:00 0                  [vsyscall]

VM Arguments:
jvm_args: -Xms1024m -Xmx1024m -XX:ReservedCodeCacheSize=128m -XX:MaxPermSize=256m 
java_command: /usr/share/sbt-launcher-packaging/bin/sbt-launch.jar run-main core.CrawlerApp
Launcher Type: SUN_STANDARD

Environment Variables:
JAVA_HOME=/usr/lib/jvm/java-7-openjdk-amd64
PATH=/home/bel/.virtualenvs/caronte/bin:/home/bel/sbt/bin:/home/bel/bin:/usr/local/sbin:/usr/local/bin:/usr/sbin:/usr/bin:/sbin:/bin:/usr/games:/usr/local/games:/home/bel/.rvm/bin:/home/bel/.rvm/bin
SHELL=/bin/bash
DISPLAY=:0

Signal Handlers:
SIGSEGV: [libjvm.so+0x94b9a0], sa_mask[0]=0x7ffbfeff, sa_flags=0x10000004
SIGBUS: [libjvm.so+0x94b9a0], sa_mask[0]=0x7ffbfeff, sa_flags=0x10000004
SIGFPE: [libjvm.so+0x7c3880], sa_mask[0]=0x7ffbfeff, sa_flags=0x10000004
SIGPIPE: [libjvm.so+0x7c3880], sa_mask[0]=0x7ffbfeff, sa_flags=0x10000004
SIGXFSZ: [libjvm.so+0x7c3880], sa_mask[0]=0x7ffbfeff, sa_flags=0x10000004
SIGILL: [libjvm.so+0x7c3880], sa_mask[0]=0x7ffbfeff, sa_flags=0x10000004
SIGUSR1: SIG_DFL, sa_mask[0]=0x00000000, sa_flags=0x00000000
SIGUSR2: [libjvm.so+0x7c3720], sa_mask[0]=0x00000000, sa_flags=0x10000004
SIGHUP: SIG_DFL, sa_mask[0]=0x00000000, sa_flags=0x00000000
SIGINT: SIG_DFL, sa_mask[0]=0x00000000, sa_flags=0x00000000
SIGTERM: SIG_DFL, sa_mask[0]=0x00000000, sa_flags=0x00000000
SIGQUIT: SIG_DFL, sa_mask[0]=0x00000000, sa_flags=0x00000000
SIGTRAP: SIG_DFL, sa_mask[0]=0x00000000, sa_flags=0x00000000


---------------  S Y S T E M  ---------------

OS:Ubuntu 14.04 (trusty)
uname:Linux 3.13.0-55-generic #94-Ubuntu SMP Thu Jun 18 00:27:10 UTC 2015 x86_64
libc:glibc 2.19 NPTL 2.19 
rlimit: STACK 8192k, CORE 0k, NPROC 62845, NOFILE 4096, AS infinity
load average:2.22 1.71 1.20

/proc/meminfo:
MemTotal:        8065852 kB
MemFree:          215560 kB
Buffers:           11328 kB
Cached:           692344 kB
SwapCached:        45988 kB
Active:          5962652 kB
Inactive:        1319992 kB
Active(anon):    5867820 kB
Inactive(anon):  1221212 kB
Active(file):      94832 kB
Inactive(file):    98780 kB
Unevictable:        1664 kB
Mlocked:            1664 kB
SwapTotal:       1951740 kB
SwapFree:           1292 kB
Dirty:              2068 kB
Writeback:             0 kB
AnonPages:       6535780 kB
Mapped:           245804 kB
Shmem:            510060 kB
Slab:             354528 kB
SReclaimable:     286796 kB
SUnreclaim:        67732 kB
KernelStack:        8352 kB
PageTables:        93548 kB
NFS_Unstable:          0 kB
Bounce:                0 kB
WritebackTmp:          0 kB
CommitLimit:     5984664 kB
Committed_AS:   20351980 kB
VmallocTotal:   34359738367 kB
VmallocUsed:      412448 kB
VmallocChunk:   34359204140 kB
HardwareCorrupted:     0 kB
AnonHugePages:   1945600 kB
HugePages_Total:       0
HugePages_Free:        0
HugePages_Rsvd:        0
HugePages_Surp:        0
Hugepagesize:       2048 kB
DirectMap4k:       96320 kB
DirectMap2M:     8181760 kB


CPU:total 8 (4 cores per cpu, 2 threads per core) family 6 model 58 stepping 9, cmov, cx8, fxsr, mmx, sse, sse2, sse3, ssse3, sse4.1, sse4.2, popcnt, avx, aes, erms, ht, tsc, tscinvbit, tscinv

/proc/cpuinfo:
processor	: 0
vendor_id	: GenuineIntel
cpu family	: 6
model		: 58
model name	: Intel(R) Core(TM) i7-3610QM CPU @ 2.30GHz
stepping	: 9
microcode	: 0x12
cpu MHz		: 1200.000
cache size	: 6144 KB
physical id	: 0
siblings	: 8
core id		: 0
cpu cores	: 4
apicid		: 0
initial apicid	: 0
fpu		: yes
fpu_exception	: yes
cpuid level	: 13
wp		: yes
flags		: fpu vme de pse tsc msr pae mce cx8 apic sep mtrr pge mca cmov pat pse36 clflush dts acpi mmx fxsr sse sse2 ss ht tm pbe syscall nx rdtscp lm constant_tsc arch_perfmon pebs bts rep_good nopl xtopology nonstop_tsc aperfmperf eagerfpu pni pclmulqdq dtes64 monitor ds_cpl vmx est tm2 ssse3 cx16 xtpr pdcm pcid sse4_1 sse4_2 x2apic popcnt tsc_deadline_timer aes xsave avx f16c rdrand lahf_lm ida arat epb xsaveopt pln pts dtherm tpr_shadow vnmi flexpriority ept vpid fsgsbase smep erms
bogomips	: 4589.96
clflush size	: 64
cache_alignment	: 64
address sizes	: 36 bits physical, 48 bits virtual
power management:

processor	: 1
vendor_id	: GenuineIntel
cpu family	: 6
model		: 58
model name	: Intel(R) Core(TM) i7-3610QM CPU @ 2.30GHz
stepping	: 9
microcode	: 0x12
cpu MHz		: 1700.000
cache size	: 6144 KB
physical id	: 0
siblings	: 8
core id		: 1
cpu cores	: 4
apicid		: 2
initial apicid	: 2
fpu		: yes
fpu_exception	: yes
cpuid level	: 13
wp		: yes
flags		: fpu vme de pse tsc msr pae mce cx8 apic sep mtrr pge mca cmov pat pse36 clflush dts acpi mmx fxsr sse sse2 ss ht tm pbe syscall nx rdtscp lm constant_tsc arch_perfmon pebs bts rep_good nopl xtopology nonstop_tsc aperfmperf eagerfpu pni pclmulqdq dtes64 monitor ds_cpl vmx est tm2 ssse3 cx16 xtpr pdcm pcid sse4_1 sse4_2 x2apic popcnt tsc_deadline_timer aes xsave avx f16c rdrand lahf_lm ida arat epb xsaveopt pln pts dtherm tpr_shadow vnmi flexpriority ept vpid fsgsbase smep erms
bogomips	: 4589.96
clflush size	: 64
cache_alignment	: 64
address sizes	: 36 bits physical, 48 bits virtual
power management:

processor	: 2
vendor_id	: GenuineIntel
cpu family	: 6
model		: 58
model name	: Intel(R) Core(TM) i7-3610QM CPU @ 2.30GHz
stepping	: 9
microcode	: 0x12
cpu MHz		: 1200.000
cache size	: 6144 KB
physical id	: 0
siblings	: 8
core id		: 2
cpu cores	: 4
apicid		: 4
initial apicid	: 4
fpu		: yes
fpu_exception	: yes
cpuid level	: 13
wp		: yes
flags		: fpu vme de pse tsc msr pae mce cx8 apic sep mtrr pge mca cmov pat pse36 clflush dts acpi mmx fxsr sse sse2 ss ht tm pbe syscall nx rdtscp lm constant_tsc arch_perfmon pebs bts rep_good nopl xtopology nonstop_tsc aperfmperf eagerfpu pni pclmulqdq dtes64 monitor ds_cpl vmx est tm2 ssse3 cx16 xtpr pdcm pcid sse4_1 sse4_2 x2apic popcnt tsc_deadline_timer aes xsave avx f16c rdrand lahf_lm ida arat epb xsaveopt pln pts dtherm tpr_shadow vnmi flexpriority ept vpid fsgsbase smep erms
bogomips	: 4589.96
clflush size	: 64
cache_alignment	: 64
address sizes	: 36 bits physical, 48 bits virtual
power management:

processor	: 3
vendor_id	: GenuineIntel
cpu family	: 6
model		: 58
model name	: Intel(R) Core(TM) i7-3610QM CPU @ 2.30GHz
stepping	: 9
microcode	: 0x12
cpu MHz		: 1200.000
cache size	: 6144 KB
physical id	: 0
siblings	: 8
core id		: 3
cpu cores	: 4
apicid		: 6
initial apicid	: 6
fpu		: yes
fpu_exception	: yes
cpuid level	: 13
wp		: yes
flags		: fpu vme de pse tsc msr pae mce cx8 apic sep mtrr pge mca cmov pat pse36 clflush dts acpi mmx fxsr sse sse2 ss ht tm pbe syscall nx rdtscp lm constant_tsc arch_perfmon pebs bts rep_good nopl xtopology nonstop_tsc aperfmperf eagerfpu pni pclmulqdq dtes64 monitor ds_cpl vmx est tm2 ssse3 cx16 xtpr pdcm pcid sse4_1 sse4_2 x2apic popcnt tsc_deadline_timer aes xsave avx f16c rdrand lahf_lm ida arat epb xsaveopt pln pts dtherm tpr_shadow vnmi flexpriority ept vpid fsgsbase smep erms
bogomips	: 4589.96
clflush size	: 64
cache_alignment	: 64
address sizes	: 36 bits physical, 48 bits virtual
power management:

processor	: 4
vendor_id	: GenuineIntel
cpu family	: 6
model		: 58
model name	: Intel(R) Core(TM) i7-3610QM CPU @ 2.30GHz
stepping	: 9
microcode	: 0x12
cpu MHz		: 1200.000
cache size	: 6144 KB
physical id	: 0
siblings	: 8
core id		: 0
cpu cores	: 4
apicid		: 1
initial apicid	: 1
fpu		: yes
fpu_exception	: yes
cpuid level	: 13
wp		: yes
flags		: fpu vme de pse tsc msr pae mce cx8 apic sep mtrr pge mca cmov pat pse36 clflush dts acpi mmx fxsr sse sse2 ss ht tm pbe syscall nx rdtscp lm constant_tsc arch_perfmon pebs bts rep_good nopl xtopology nonstop_tsc aperfmperf eagerfpu pni pclmulqdq dtes64 monitor ds_cpl vmx est tm2 ssse3 cx16 xtpr pdcm pcid sse4_1 sse4_2 x2apic popcnt tsc_deadline_timer aes xsave avx f16c rdrand lahf_lm ida arat epb xsaveopt pln pts dtherm tpr_shadow vnmi flexpriority ept vpid fsgsbase smep erms
bogomips	: 4589.96
clflush size	: 64
cache_alignment	: 64
address sizes	: 36 bits physical, 48 bits virtual
power management:

processor	: 5
vendor_id	: GenuineIntel
cpu family	: 6
model		: 58
model name	: Intel(R) Core(TM) i7-3610QM CPU @ 2.30GHz
stepping	: 9
microcode	: 0x12
cpu MHz		: 1200.000
cache size	: 6144 KB
physical id	: 0
siblings	: 8
core id		: 1
cpu cores	: 4
apicid		: 3
initial apicid	: 3
fpu		: yes
fpu_exception	: yes
cpuid level	: 13
wp		: yes
flags		: fpu vme de pse tsc msr pae mce cx8 apic sep mtrr pge mca cmov pat pse36 clflush dts acpi mmx fxsr sse sse2 ss ht tm pbe syscall nx rdtscp lm constant_tsc arch_perfmon pebs bts rep_good nopl xtopology nonstop_tsc aperfmperf eagerfpu pni pclmulqdq dtes64 monitor ds_cpl vmx est tm2 ssse3 cx16 xtpr pdcm pcid sse4_1 sse4_2 x2apic popcnt tsc_deadline_timer aes xsave avx f16c rdrand lahf_lm ida arat epb xsaveopt pln pts dtherm tpr_shadow vnmi flexpriority ept vpid fsgsbase smep erms
bogomips	: 4589.96
clflush size	: 64
cache_alignment	: 64
address sizes	: 36 bits physical, 48 bits virtual
power management:

processor	: 6
vendor_id	: GenuineIntel
cpu family	: 6
model		: 58
model name	: Intel(R) Core(TM) i7-3610QM CPU @ 2.30GHz
stepping	: 9
microcode	: 0x12
cpu MHz		: 1300.000
cache size	: 6144 KB
physical id	: 0
siblings	: 8
core id		: 2
cpu cores	: 4
apicid		: 5
initial apicid	: 5
fpu		: yes
fpu_exception	: yes
cpuid level	: 13
wp		: yes
flags		: fpu vme de pse tsc msr pae mce cx8 apic sep mtrr pge mca cmov pat pse36 clflush dts acpi mmx fxsr sse sse2 ss ht tm pbe syscall nx rdtscp lm constant_tsc arch_perfmon pebs bts rep_good nopl xtopology nonstop_tsc aperfmperf eagerfpu pni pclmulqdq dtes64 monitor ds_cpl vmx est tm2 ssse3 cx16 xtpr pdcm pcid sse4_1 sse4_2 x2apic popcnt tsc_deadline_timer aes xsave avx f16c rdrand lahf_lm ida arat epb xsaveopt pln pts dtherm tpr_shadow vnmi flexpriority ept vpid fsgsbase smep erms
bogomips	: 4589.96
clflush size	: 64
cache_alignment	: 64
address sizes	: 36 bits physical, 48 bits virtual
power management:

processor	: 7
vendor_id	: GenuineIntel
cpu family	: 6
model		: 58
model name	: Intel(R) Core(TM) i7-3610QM CPU @ 2.30GHz
stepping	: 9
microcode	: 0x12
cpu MHz		: 2301.000
cache size	: 6144 KB
physical id	: 0
siblings	: 8
core id		: 3
cpu cores	: 4
apicid		: 7
initial apicid	: 7
fpu		: yes
fpu_exception	: yes
cpuid level	: 13
wp		: yes
flags		: fpu vme de pse tsc msr pae mce cx8 apic sep mtrr pge mca cmov pat pse36 clflush dts acpi mmx fxsr sse sse2 ss ht tm pbe syscall nx rdtscp lm constant_tsc arch_perfmon pebs bts rep_good nopl xtopology nonstop_tsc aperfmperf eagerfpu pni pclmulqdq dtes64 monitor ds_cpl vmx est tm2 ssse3 cx16 xtpr pdcm pcid sse4_1 sse4_2 x2apic popcnt tsc_deadline_timer aes xsave avx f16c rdrand lahf_lm ida arat epb xsaveopt pln pts dtherm tpr_shadow vnmi flexpriority ept vpid fsgsbase smep erms
bogomips	: 4589.96
clflush size	: 64
cache_alignment	: 64
address sizes	: 36 bits physical, 48 bits virtual
power management:



Memory: 4k page, physical 8065852k(215312k free), swap 1951740k(1292k free)

vm_info: OpenJDK 64-Bit Server VM (24.79-b02) for linux-amd64 JRE (1.7.0_79-b14), built on Apr 16 2015 08:21:58 by "buildd" with gcc 4.8.2

time: Wed Dec 16 23:11:36 2015
elapsed time: 0 seconds

